[00:27:38] [ServerMain/INFO]: [bootstrap] Running Java 21 (OpenJDK 64-Bit Server VM 21.0.4+7-LTS; Microsoft Microsoft-9889606) on Linux 6.5.0-1025-azure (amd64)
[00:27:38] [ServerMain/INFO]: [bootstrap] Loading Paper 1.21.1-132-ver/1.21.1@b48403b (2024-11-21T10:14:27Z) for Minecraft 1.21.1
[00:27:38] [ServerMain/INFO]: [PluginInitializerManager] Initializing plugins...
[00:27:39] [ServerMain/INFO]: [PluginInitializerManager] Initialized 9 plugins
[00:27:39] [ServerMain/INFO]: [PluginInitializerManager] Bukkit plugins (9):
 - DeathCoordinates (1.12.1), Essentials (2.21.0-dev+129-2ac37d8), Geyser-Spigot (2.5.0-SNAPSHOT), SkinsRestorer (15.4.4), SleepFixer (2.0.5), ViaVersion (5.1.1), WorldEdit (7.3.8+6939-7d32b45), WorldGuardExtraFlags (4.2.4-SNAPSHOT), floodgate (2.2.3-SNAPSHOT (b114-83fbd6e))
[00:27:46] [ServerMain/INFO]: Environment: Environment[sessionHost=https://sessionserver.mojang.com, servicesHost=https://api.minecraftservices.com, name=PROD]
[00:27:49] [ServerMain/INFO]: Loaded 1290 recipes
[00:27:49] [ServerMain/INFO]: Loaded 1399 advancements
[00:27:49] [Server thread/INFO]: Starting minecraft server version 1.21.1
[00:27:49] [Server thread/INFO]: Loading properties
[00:27:49] [Server thread/INFO]: This server is running Paper version 1.21.1-132-ver/1.21.1@b48403b (2024-11-21T10:14:27Z) (Implementing API version 1.21.1-R0.1-SNAPSHOT)
[00:27:50] [Server thread/INFO]: [spark] This server bundles the spark profiler. For more information please visit https://docs.papermc.io/paper/profiling
[00:27:50] [Server thread/INFO]: Using 4 threads for Netty based IO
[00:27:50] [Server thread/INFO]: Server Ping Player Sample Count: 12
[00:27:52] [Server thread/INFO]: [ChunkTaskScheduler] Chunk system is using 1 I/O threads, 1 worker threads, and population gen parallelism of 1 threads
[00:27:52] [Server thread/INFO]: Default game type: SURVIVAL
[00:27:52] [Server thread/INFO]: Generating keypair
[00:27:52] [Server thread/INFO]: Starting Minecraft server on *:25565
[00:27:52] [Server thread/INFO]: Using epoll channel type
[00:27:52] [Server thread/INFO]: Paper: Using libdeflate (Linux x86_64) compression from Velocity.
[00:27:52] [Server thread/INFO]: Paper: Using OpenSSL 1.1.x (Linux x86_64) cipher from Velocity.
[00:27:52] [Server thread/ERROR]: [ModernPluginLoadingStrategy] Could not load 'plugins/.paper-remapped/WorldGuardExtraFlags.jar' in 'plugins/.paper-remapped'
org.bukkit.plugin.UnknownDependencyException: Unknown/missing dependency plugins: [WorldGuard]. Please download and install these plugins to run 'WorldGuardExtraFlags'.
	at io.papermc.paper.plugin.entrypoint.strategy.modern.ModernPluginLoadingStrategy.loadProviders(ModernPluginLoadingStrategy.java:82) ~[paper-1.21.1.jar:1.21.1-132-b48403b]
	at io.papermc.paper.plugin.storage.SimpleProviderStorage.enter(SimpleProviderStorage.java:38) ~[paper-1.21.1.jar:1.21.1-132-b48403b]
	at io.papermc.paper.plugin.entrypoint.LaunchEntryPointHandler.enter(LaunchEntryPointHandler.java:40) ~[paper-1.21.1.jar:1.21.1-132-b48403b]
	at org.bukkit.craftbukkit.CraftServer.loadPlugins(CraftServer.java:547) ~[paper-1.21.1.jar:1.21.1-132-b48403b]
	at net.minecraft.server.dedicated.DedicatedServer.initServer(DedicatedServer.java:292) ~[paper-1.21.1.jar:1.21.1-132-b48403b]
	at net.minecraft.server.MinecraftServer.runServer(MinecraftServer.java:1214) ~[paper-1.21.1.jar:1.21.1-132-b48403b]
	at net.minecraft.server.MinecraftServer.lambda$spin$0(MinecraftServer.java:329) ~[paper-1.21.1.jar:1.21.1-132-b48403b]
	at java.base/java.lang.Thread.run(Thread.java:1583) ~[?:?]
[00:27:55] [Server thread/INFO]: [floodgate] Loading server plugin floodgate v2.2.3-SNAPSHOT (b114-83fbd6e)
[00:27:57] [Server thread/WARN]: [floodgate] en_ is not a supported Floodgate language.
[00:27:57] [Server thread/INFO]: [floodgate] Took 1,684ms to boot Floodgate
[00:27:57] [Server thread/INFO]: [ViaVersion] Loading server plugin ViaVersion v5.1.1
[00:27:57] [Server thread/INFO]: [ViaVersion] ViaVersion 5.1.1 is now loaded. Registering protocol transformers and injecting...
[00:27:58] [Via-Mappingloader-0/INFO]: [ViaVersion] Loading block connection mappings ...
[00:27:58] [Via-Mappingloader-0/INFO]: [ViaVersion] Using FastUtil Long2ObjectOpenHashMap for block connections
[00:27:58] [Server thread/INFO]: [DeathCoordinates] Loading server plugin DeathCoordinates v1.12.1
[00:27:58] [Server thread/INFO]: [WorldEdit] Loading server plugin WorldEdit v7.3.8+6939-7d32b45
[00:27:59] [Server thread/INFO]: Got request to register class com.sk89q.worldedit.bukkit.BukkitServerInterface with WorldEdit [com.sk89q.worldedit.extension.platform.PlatformManager@2e35a0dd]
[00:27:59] [Server thread/INFO]: [Essentials] Loading server plugin Essentials v2.21.0-dev+129-2ac37d8
[00:27:59] [Server thread/INFO]: [SleepFixer] Loading server plugin SleepFixer v2.0.5
[00:27:59] [Server thread/INFO]: [Geyser-Spigot] Loading server plugin Geyser-Spigot v2.5.0-SNAPSHOT
[00:28:00] [Server thread/INFO]: [Geyser-Spigot] Loading extensions...
[00:28:00] [Server thread/INFO]: [Geyser-Spigot] Loaded 0 extension(s)
[00:28:00] [Server thread/INFO]: [SkinsRestorer] Loading server plugin SkinsRestorer v15.4.4
[00:28:00] [Server thread/INFO]: Server permissions file permissions.yml is empty, ignoring it
[00:28:00] [Server thread/INFO]: [WorldEdit] Enabling WorldEdit v7.3.8+6939-7d32b45
[00:28:00] [Server thread/INFO]: Registering commands with com.sk89q.worldedit.bukkit.BukkitServerInterface
[00:28:00] [Server thread/INFO]: WEPIF: Using the Bukkit Permissions API.
[00:28:01] [Server thread/INFO]: Using com.sk89q.worldedit.bukkit.adapter.impl.v1_21.PaperweightAdapter as the Bukkit adapter
[00:28:03] [Server thread/INFO]: [SleepFixer] Enabling SleepFixer v2.0.5
[00:28:03] [Server thread/INFO]: [SleepFixer] Start-up complete (took 30.0ms).
[00:28:03] [Server thread/INFO]: [SkinsRestorer] Enabling SkinsRestorer v15.4.4
[00:28:04] [Server thread/WARN]: [SkinsRestorer] You must agree to the rules at 'commands.perSkinPermissionsConsent' in the config to use per skin permissions.
[00:28:04] [Server thread/INFO]: [SkinsRestorer] Running on Minecraft 1.21.1.
[00:28:05] [Server thread/INFO]: [SkinsRestorer] Floodgate skin listener registered
[00:28:05] [Server thread/INFO]: [SkinsRestorer] Using paper join listener!
[00:28:05] [Server thread/WARN]: **** SERVER IS RUNNING IN OFFLINE/INSECURE MODE!
[00:28:05] [Server thread/WARN]: The server will make no attempt to authenticate usernames. Beware.
[00:28:05] [Server thread/WARN]: While this makes the game possible to play without internet access, it also opens up the ability for hackers to connect with any username they choose.
[00:28:05] [Server thread/WARN]: To change this, set "online-mode" to "true" in the server.properties file.
[00:28:05] [Server thread/INFO]: Preparing level "world"
[00:28:05] [Folia Async Scheduler Thread #1/INFO]: [SkinsRestorer] ----------------------------------------------
[00:28:05] [Folia Async Scheduler Thread #1/INFO]: [SkinsRestorer]     +==================+
[00:28:05] [Folia Async Scheduler Thread #1/INFO]: [SkinsRestorer]     |   SkinsRestorer  |
[00:28:05] [Folia Async Scheduler Thread #1/INFO]: [SkinsRestorer]     |------------------|
[00:28:05] [Folia Async Scheduler Thread #1/INFO]: [SkinsRestorer]     |  Standalone Mode |
[00:28:05] [Folia Async Scheduler Thread #1/INFO]: [SkinsRestorer]     +==================+
[00:28:05] [Folia Async Scheduler Thread #1/INFO]: [SkinsRestorer] ----------------------------------------------
[00:28:05] [Folia Async Scheduler Thread #1/INFO]: [SkinsRestorer]     Version: 15.4.4
[00:28:05] [Folia Async Scheduler Thread #1/INFO]: [SkinsRestorer]     Commit: dc501c7
[00:28:05] [Folia Async Scheduler Thread #1/INFO]: [SkinsRestorer]     This is the latest version!
[00:28:05] [Folia Async Scheduler Thread #1/INFO]: [SkinsRestorer] ----------------------------------------------
[00:28:05] [Folia Async Scheduler Thread #1/INFO]: [SkinsRestorer] Do you have issues? Read our troubleshooting guide: https://skinsrestorer.net/docs/troubleshooting
[00:28:05] [Folia Async Scheduler Thread #1/INFO]: [SkinsRestorer] Want to support SkinsRestorer? Consider donating: https://skinsrestorer.net/donate
[00:28:07] [Server thread/INFO]: Preparing start region for dimension minecraft:overworld
[00:28:09] [Server thread/INFO]: Time elapsed: 2212 ms
[00:28:09] [Server thread/INFO]: Preparing start region for dimension minecraft:the_nether
[00:28:09] [Server thread/INFO]: Time elapsed: 346 ms
[00:28:09] [Server thread/INFO]: Preparing start region for dimension minecraft:the_end
[00:28:10] [Server thread/INFO]: Time elapsed: 407 ms
[00:28:10] [Server thread/INFO]: [floodgate] Enabling floodgate v2.2.3-SNAPSHOT (b114-83fbd6e)
[00:28:11] [Server thread/INFO]: [ViaVersion] Enabling ViaVersion v5.1.1
[00:28:11] [Server thread/INFO]: [ViaVersion] ViaVersion detected server version: 1.21-1.21.1 (767)
[00:28:11] [Server thread/INFO]: [DeathCoordinates] Enabling DeathCoordinates v1.12.1
[00:28:11] [Server thread/INFO]: [DeathCoordinates] Has been enabled! Version: 1.12.1
[00:28:11] [Server thread/INFO]: [DeathCoordinates] Thanks for using my plugin!  ~Ajneb97
[00:28:11] [Server thread/INFO]: [Essentials] Enabling Essentials v2.21.0-dev+129-2ac37d8
[00:28:11] [Server thread/ERROR]: [Essentials] You are running an unsupported server version!
[00:28:12] [Server thread/INFO]: [Essentials] Attempting to convert old kits in config.yml to new kits.yml
[00:28:12] [Server thread/INFO]: [Essentials] No kits found to migrate.
[00:28:12] [Server thread/INFO]: [Essentials] Loaded 42779 items from items.json.
[00:28:12] [Server thread/INFO]: [Essentials] Using locale en
[00:28:12] [Server thread/INFO]: [Essentials] ServerListPingEvent: Spigot iterator API
[00:28:13] [Server thread/INFO]: [Essentials] Starting Metrics. Opt-out using the global bStats config.
[00:28:13] [Server thread/INFO]: [Essentials] Using superperms-based permissions.
[00:28:13] [Server thread/INFO]: [Geyser-Spigot] Enabling Geyser-Spigot v2.5.0-SNAPSHOT
[00:28:13] [Server thread/INFO]: [spark] Starting background profiler...
[00:28:14] [Server thread/INFO]: [Geyser-Spigot] ******************************************
[00:28:14] [Server thread/INFO]: [Geyser-Spigot] 
[00:28:14] [Server thread/INFO]: [Geyser-Spigot] Loading Geyser version 2.5.0-b716 (git-master-2ebce9c)
[00:28:14] [Server thread/INFO]: [Geyser-Spigot] 
[00:28:14] [Server thread/INFO]: [Geyser-Spigot] ******************************************
[00:28:23] [epollEventLoopGroup-3-1/INFO]: [Geyser-Spigot] Started Geyser on UDP port 2206
[00:28:23] [Server thread/INFO]: [Geyser-Spigot] Done (8.616s)! Run /geyser help for help!
[00:28:23] [Server thread/INFO]: Done preparing level "world" (18.088s)
[00:28:23] [Server thread/INFO]: Running delayed init tasks
[00:28:23] [Craft Scheduler Thread - 5 - ViaVersion/INFO]: [ViaVersion] Finished mapping loading, shutting down loader executor.
[00:28:23] [Craft Scheduler Thread - 6 - Essentials/INFO]: [Essentials] Fetching version information...
[00:28:23] [Server thread/INFO]: Done (47.057s)! For help, type "help"
[00:28:23] [Server thread/INFO]: Timings Reset
[00:28:24] [Craft Scheduler Thread - 6 - Essentials/WARN]: [Essentials] You're 14 EssentialsX dev build(s) out of date!
[00:28:24] [Craft Scheduler Thread - 6 - Essentials/WARN]: [Essentials] Download it here: https://essentialsx.net/downloads.html
